Using pre-set license
Built from '2020.2/staging' branch; Version is '2020.2.3f1 (8ff31bc5bf5b) revision 9433883'; Using compiler version '192528614'; Build Type 'Release'
OS: 'Windows 10 Pro; OS build 19043.1288; Version 2009; 64bit' Language: 'ko' Physical Memory: 16108 MB
BatchMode: 1, IsHumanControllingUs: 0, StartBugReporterOnCrash: 0, Is64bit: 1, IsPro: 0

 COMMAND LINE ARGUMENTS:
C:\Program Files\Unity\Hub\Editor\2020.2.3f1\Editor\Unity.exe
-adb2
-batchMode
-noUpm
-name
AssetImportWorker1
-projectPath
C:/Users/cjcha/Desktop/TeamSpectrum1020
-logFile
Logs/AssetImportWorker1.log
-srvPort
59241
Successfully changed project path to: C:/Users/cjcha/Desktop/TeamSpectrum1020
C:/Users/cjcha/Desktop/TeamSpectrum1020
Using Asset Import Pipeline V2.
Refreshing native plugins compatible for Editor in 173.85 ms, found 3 plugins.
Preloading 1 native plugins for Editor in 1.76 ms.
Initialize engine version: 2020.2.3f1 (8ff31bc5bf5b)
[Subsystems] Discovering subsystems at path C:/Program Files/Unity/Hub/Editor/2020.2.3f1/Editor/Data/Resources/UnitySubsystems
[Subsystems] Discovering subsystems at path C:/Users/cjcha/Desktop/TeamSpectrum1020/Assets
GfxDevice: creating device client; threaded=0
Direct3D:
    Version:  Direct3D 11.0 [level 11.1]
    Renderer: Intel(R) Iris(R) Xe Graphics (ID=0x9a49)
    Vendor:   
    VRAM:     8054 MB
    Driver:   27.20.100.8853
Initialize mono
Mono path[0] = 'C:/Program Files/Unity/Hub/Editor/2020.2.3f1/Editor/Data/Managed'
Mono path[1] = 'C:/Program Files/Unity/Hub/Editor/2020.2.3f1/Editor/Data/MonoBleedingEdge/lib/mono/unityjit'
Mono config path = 'C:/Program Files/Unity/Hub/Editor/2020.2.3f1/Editor/Data/MonoBleedingEdge/etc'
Using monoOptions --debugger-agent=transport=dt_socket,embedding=1,server=y,suspend=n,address=127.0.0.1:56516
Begin MonoManager ReloadAssembly
Registering precompiled unity dll's ...
Register platform support module: C:/Program Files/Unity/Hub/Editor/2020.2.3f1/Editor/Data/PlaybackEngines/WindowsStandaloneSupport/UnityEditor.WindowsStandalone.Extensions.dll
Registered in 0.003078 seconds.
Native extension for WindowsStandalone target not found
Refreshing native plugins compatible for Editor in 171.27 ms, found 3 plugins.
Preloading 1 native plugins for Editor in 0.17 ms.
Invoked RoslynAnalysisRunner static constructor.
RoslynAnalysisRunner will not be running.
RoslynAnalysisRunner has terminated.
Mono: successfully reloaded assembly
- Completed reload, in  1.989 seconds
Platform modules already initialized, skipping
Registering precompiled user dll's ...
Registered in 0.004165 seconds.
Begin MonoManager ReloadAssembly
Native extension for WindowsStandalone target not found
Refreshing native plugins compatible for Editor in 1.26 ms, found 3 plugins.
Preloading 1 native plugins for Editor in 0.16 ms.
Invoked RoslynAnalysisRunner static constructor.
RoslynAnalysisRunner will not be running.
RoslynAnalysisRunner has terminated.
[XR] OculusXRPlugin: registering subsystems
[XR] Unable to register display lifecyle provider: [1]
[XR] Oculus Input lifecycle provider registered.
[XR] Unable to register input lifecyle provider: [1]
NullReferenceException: Object reference not set to an instance of an object
  at Unity.XR.Oculus.OculusLoader.AssetPathToAbsolutePath (System.String assetPath) [0x00048] in C:\Users\nowk\Documents\Unity Projects\Team_Spectrum\Library\PackageCache\com.unity.xr.oculus@1.7.0\Runtime\OculusLoader.cs:243 
  at Unity.XR.Oculus.OculusLoader.EditorLoadOVRPlugin () [0x0007b] in C:\Users\nowk\Documents\Unity Projects\Team_Spectrum\Library\PackageCache\com.unity.xr.oculus@1.7.0\Runtime\OculusLoader.cs:228 

(Filename: C:/Users/nowk/Documents/Unity Projects/Team_Spectrum/Library/PackageCache/com.unity.xr.oculus@1.7.0/Runtime/OculusLoader.cs Line: 243)

Mono: successfully reloaded assembly
- Completed reload, in  5.917 seconds
Platform modules already initialized, skipping
========================================================================
Worker process is ready to serve import requests
Launched and connected shader compiler UnityShaderCompiler.exe after 0.16 seconds
Refreshing native plugins compatible for Editor in 1.09 ms, found 3 plugins.
Preloading 1 native plugins for Editor in 0.12 ms.
Unloading 2587 Unused Serialized files (Serialized files now loaded: 0)
System memory in use before: 132.9 MB.
System memory in use after: 132.8 MB.

Unloading 14 unused Assets to reduce memory usage. Loaded Objects now: 3053.
Total: 4.795100 ms (FindLiveObjects: 0.858400 ms CreateObjectMapping: 0.165200 ms MarkObjects: 2.836500 ms  DeleteObjects: 0.933300 ms)

========================================================================
Received Import Request.
  path: Assets/Scenes/ThirdBefore.unity
  artifactKey: Guid(58b12ad33aca4ea478efea1ce99cb6de) Importer(815301076,1909f56bfc062723c751e8b465ee728b)
Start importing Assets/Scenes/ThirdBefore.unity using Guid(58b12ad33aca4ea478efea1ce99cb6de) Importer(815301076,1909f56bfc062723c751e8b465ee728b)  -> (artifact id: '4f2128429f0c73fbd0e387dafd5a5f56') in 0.029808 seconds
  Import took 0.038130 seconds .

========================================================================
Received Import Request.
  Time since last request: 310.654072 seconds.
  path: Assets/Scenes/ThirdAfter.unity
  artifactKey: Guid(4d55c8fd92d48ea448a2bd20964061d1) Importer(815301076,1909f56bfc062723c751e8b465ee728b)
Start importing Assets/Scenes/ThirdAfter.unity using Guid(4d55c8fd92d48ea448a2bd20964061d1) Importer(815301076,1909f56bfc062723c751e8b465ee728b)  -> (artifact id: '85080224980232885e6c6aeeb57e038b') in 0.017311 seconds
  Import took 0.035400 seconds .

========================================================================
Received Import Request.
  Time since last request: 185.695861 seconds.
  path: Assets/Scenes/AnesRoom.unity
  artifactKey: Guid(fb7c24fedae165d45a052d6c85612260) Importer(815301076,1909f56bfc062723c751e8b465ee728b)
Start importing Assets/Scenes/AnesRoom.unity using Guid(fb7c24fedae165d45a052d6c85612260) Importer(815301076,1909f56bfc062723c751e8b465ee728b)  -> (artifact id: '9b0ff623afcf867c6cedbf56821abb6a') in 0.016585 seconds
  Import took 0.026645 seconds .

AssetImportWorkerClient::OnTransportError - code=2 error=End of file
